<?xml version="1.0" encoding="UTF-8"?>
<!-- Generated by org.testng.reporters.JUnitReportReporter -->
<testsuite hostname="DESKTOP-BQHDEDM" name="ma.s.gcm.selenium.DeleteVilleTest" tests="1" failures="0" timestamp="14 Oct 2020 13:10:15 GMT" time="35.041" errors="0">
  <testcase name="LoginAjoutVilleTest" time="35.041" classname="ma.s.gcm.selenium.DeleteVilleTest"/>
</testsuite> <!-- ma.s.gcm.selenium.DeleteVilleTest -->
