<?xml version="1.0" encoding="UTF-8"?>
<!-- Generated by org.testng.reporters.JUnitReportReporter -->
<testsuite hostname="DESKTOP-BQHDEDM" name="ma.s.gcm.selenium.BTPtest" tests="1" failures="0" timestamp="14 Oct 2020 12:38:51 GMT" time="41.481" errors="0">
  <testcase name="LoginAjoutVilleTest" time="41.481" classname="ma.s.gcm.selenium.BTPtest"/>
</testsuite> <!-- ma.s.gcm.selenium.BTPtest -->
