<?xml version="1.0" encoding="UTF-8"?>
<!-- Generated by org.testng.reporters.JUnitReportReporter -->
<testsuite hostname="DESKTOP-BQHDEDM" name="ma.s.gcm.selenium.CustomerScenarioDeleteTest" tests="1" failures="0" timestamp="31 Jan 2021 16:51:26 GMT" time="38.735" errors="0">
  <testcase name="LoginConsultCustomerTest" time="38.735" classname="ma.s.gcm.selenium.CustomerScenarioDeleteTest"/>
</testsuite> <!-- ma.s.gcm.selenium.CustomerScenarioDeleteTest -->
