<?xml version="1.0" encoding="UTF-8"?>
<!-- Generated by org.testng.reporters.JUnitReportReporter -->
<testsuite hostname="DESKTOP-BQHDEDM" name="ma.s.gcm.selenium.LoginConsultCustomerTest" tests="1" failures="0" timestamp="31 Jan 2021 16:00:11 GMT" time="16.287" errors="0">
  <testcase name="LoginConsultCustomerTest" time="16.287" classname="ma.s.gcm.selenium.LoginConsultCustomerTest"/>
</testsuite> <!-- ma.s.gcm.selenium.LoginConsultCustomerTest -->
