<?xml version="1.0" encoding="UTF-8"?>
<!-- Generated by org.testng.reporters.JUnitReportReporter -->
<testsuite hostname="DESKTOP-BQHDEDM" name="ma.s.gcm.selenium.CustomerScenarioTest" tests="1" failures="0" timestamp="31 Jan 2021 16:40:52 GMT" time="21.429" errors="0">
  <testcase name="LoginConsultCustomerTest" time="21.429" classname="ma.s.gcm.selenium.CustomerScenarioTest"/>
</testsuite> <!-- ma.s.gcm.selenium.CustomerScenarioTest -->
